빌드 시작: 2015-02-05 오후 12:04:01
     1>2 노드의 "E:\Dropbox\개발\KETI\안승수\스키과제\안승수\SMA프로젝트\소스코드\SMA\SMA\SMA.vcxproj" 프로젝트(Build 대상)입니다.
     1>ClCompile:
         C:\Program Files (x86)\Microsoft Visual Studio 11.0\VC\bin\x86_amd64\CL.exe /c /Zi /nologo /W3 /WX- /sdl- /Od /D WIN32 /D _DEBUG /D _CONSOLE /D _UNICODE /D UNICODE /Gm /EHsc /RTC1 /MDd /GS /fp:precise /Zc:wchar_t /Zc:forScope /Yu"stdafx.h" /Fp"x64\Debug\SMA.pch" /Fo"x64\Debug\\" /Fd"x64\Debug\vc110.pdb" /Gd /TP /errorReport:prompt SMA_v1.0.cpp
         SMA_v1.0.cpp
     1>SMA_v1.0.cpp(189): warning C4996: 'sprintf': This function or variable may be unsafe. Consider using sprintf_s instead. To disable deprecation, use _CRT_SECURE_NO_WARNINGS. See online help for details.
                 C:\Program Files (x86)\Microsoft Visual Studio 11.0\VC\include\stdio.h(357) : 'sprintf' 선언을 참조하십시오.
     1>SMA_v1.0.cpp(244): warning C4996: 'wcscat': This function or variable may be unsafe. Consider using wcscat_s instead. To disable deprecation, use _CRT_SECURE_NO_WARNINGS. See online help for details.
                 C:\Program Files (x86)\Microsoft Visual Studio 11.0\VC\include\wchar.h(1018) : 'wcscat' 선언을 참조하십시오.
     1>SMA_v1.0.cpp(250): warning C4996: 'wcscat': This function or variable may be unsafe. Consider using wcscat_s instead. To disable deprecation, use _CRT_SECURE_NO_WARNINGS. See online help for details.
                 C:\Program Files (x86)\Microsoft Visual Studio 11.0\VC\include\wchar.h(1018) : 'wcscat' 선언을 참조하십시오.
     1>SMA_v1.0.cpp(554): warning C4244: '초기화 중' : 'double'에서 'float'(으)로 변환하면서 데이터가 손실될 수 있습니다.
     1>SMA_v1.0.cpp(609): warning C4996: 'sprintf': This function or variable may be unsafe. Consider using sprintf_s instead. To disable deprecation, use _CRT_SECURE_NO_WARNINGS. See online help for details.
                 C:\Program Files (x86)\Microsoft Visual Studio 11.0\VC\include\stdio.h(357) : 'sprintf' 선언을 참조하십시오.
     1>SMA_v1.0.cpp(610): warning C4996: 'sprintf': This function or variable may be unsafe. Consider using sprintf_s instead. To disable deprecation, use _CRT_SECURE_NO_WARNINGS. See online help for details.
                 C:\Program Files (x86)\Microsoft Visual Studio 11.0\VC\include\stdio.h(357) : 'sprintf' 선언을 참조하십시오.
     1>SMA_v1.0.cpp(611): warning C4996: 'sprintf': This function or variable may be unsafe. Consider using sprintf_s instead. To disable deprecation, use _CRT_SECURE_NO_WARNINGS. See online help for details.
                 C:\Program Files (x86)\Microsoft Visual Studio 11.0\VC\include\stdio.h(357) : 'sprintf' 선언을 참조하십시오.
     1>SMA_v1.0.cpp(613): warning C4996: 'sprintf': This function or variable may be unsafe. Consider using sprintf_s instead. To disable deprecation, use _CRT_SECURE_NO_WARNINGS. See online help for details.
                 C:\Program Files (x86)\Microsoft Visual Studio 11.0\VC\include\stdio.h(357) : 'sprintf' 선언을 참조하십시오.
     1>SMA_v1.0.cpp(614): warning C4996: 'sprintf': This function or variable may be unsafe. Consider using sprintf_s instead. To disable deprecation, use _CRT_SECURE_NO_WARNINGS. See online help for details.
                 C:\Program Files (x86)\Microsoft Visual Studio 11.0\VC\include\stdio.h(357) : 'sprintf' 선언을 참조하십시오.
     1>SMA_v1.0.cpp(616): warning C4996: 'sprintf': This function or variable may be unsafe. Consider using sprintf_s instead. To disable deprecation, use _CRT_SECURE_NO_WARNINGS. See online help for details.
                 C:\Program Files (x86)\Microsoft Visual Studio 11.0\VC\include\stdio.h(357) : 'sprintf' 선언을 참조하십시오.
     1>SMA_v1.0.cpp(617): warning C4996: 'sprintf': This function or variable may be unsafe. Consider using sprintf_s instead. To disable deprecation, use _CRT_SECURE_NO_WARNINGS. See online help for details.
                 C:\Program Files (x86)\Microsoft Visual Studio 11.0\VC\include\stdio.h(357) : 'sprintf' 선언을 참조하십시오.
     1>SMA_v1.0.cpp(619): warning C4996: 'sprintf': This function or variable may be unsafe. Consider using sprintf_s instead. To disable deprecation, use _CRT_SECURE_NO_WARNINGS. See online help for details.
                 C:\Program Files (x86)\Microsoft Visual Studio 11.0\VC\include\stdio.h(357) : 'sprintf' 선언을 참조하십시오.
     1>SMA_v1.0.cpp(620): warning C4996: 'sprintf': This function or variable may be unsafe. Consider using sprintf_s instead. To disable deprecation, use _CRT_SECURE_NO_WARNINGS. See online help for details.
                 C:\Program Files (x86)\Microsoft Visual Studio 11.0\VC\include\stdio.h(357) : 'sprintf' 선언을 참조하십시오.
     1>SMA_v1.0.cpp(622): warning C4996: 'sprintf': This function or variable may be unsafe. Consider using sprintf_s instead. To disable deprecation, use _CRT_SECURE_NO_WARNINGS. See online help for details.
                 C:\Program Files (x86)\Microsoft Visual Studio 11.0\VC\include\stdio.h(357) : 'sprintf' 선언을 참조하십시오.
     1>SMA_v1.0.cpp(623): warning C4996: 'sprintf': This function or variable may be unsafe. Consider using sprintf_s instead. To disable deprecation, use _CRT_SECURE_NO_WARNINGS. See online help for details.
                 C:\Program Files (x86)\Microsoft Visual Studio 11.0\VC\include\stdio.h(357) : 'sprintf' 선언을 참조하십시오.
     1>SMA_v1.0.cpp(630): warning C4996: 'sprintf': This function or variable may be unsafe. Consider using sprintf_s instead. To disable deprecation, use _CRT_SECURE_NO_WARNINGS. See online help for details.
                 C:\Program Files (x86)\Microsoft Visual Studio 11.0\VC\include\stdio.h(357) : 'sprintf' 선언을 참조하십시오.
     1>SMA_v1.0.cpp(633): warning C4996: 'sprintf': This function or variable may be unsafe. Consider using sprintf_s instead. To disable deprecation, use _CRT_SECURE_NO_WARNINGS. See online help for details.
                 C:\Program Files (x86)\Microsoft Visual Studio 11.0\VC\include\stdio.h(357) : 'sprintf' 선언을 참조하십시오.
     1>SMA_v1.0.cpp(650): warning C4996: 'sprintf': This function or variable may be unsafe. Consider using sprintf_s instead. To disable deprecation, use _CRT_SECURE_NO_WARNINGS. See online help for details.
                 C:\Program Files (x86)\Microsoft Visual Studio 11.0\VC\include\stdio.h(357) : 'sprintf' 선언을 참조하십시오.
     1>SMA_v1.0.cpp(662): warning C4996: 'sprintf': This function or variable may be unsafe. Consider using sprintf_s instead. To disable deprecation, use _CRT_SECURE_NO_WARNINGS. See online help for details.
                 C:\Program Files (x86)\Microsoft Visual Studio 11.0\VC\include\stdio.h(357) : 'sprintf' 선언을 참조하십시오.
     1>SMA_v1.0.cpp(728): warning C4996: 'sprintf': This function or variable may be unsafe. Consider using sprintf_s instead. To disable deprecation, use _CRT_SECURE_NO_WARNINGS. See online help for details.
                 C:\Program Files (x86)\Microsoft Visual Studio 11.0\VC\include\stdio.h(357) : 'sprintf' 선언을 참조하십시오.
     1>SMA_v1.0.cpp(735): warning C4996: 'sprintf': This function or variable may be unsafe. Consider using sprintf_s instead. To disable deprecation, use _CRT_SECURE_NO_WARNINGS. See online help for details.
                 C:\Program Files (x86)\Microsoft Visual Studio 11.0\VC\include\stdio.h(357) : 'sprintf' 선언을 참조하십시오.
     1>SMA_v1.0.cpp(871): warning C4244: 'return' : 'double'에서 'int'(으)로 변환하면서 데이터가 손실될 수 있습니다.
       Link:
         C:\Program Files (x86)\Microsoft Visual Studio 11.0\VC\bin\x86_amd64\link.exe /ERRORREPORT:PROMPT /OUT:"E:\Dropbox\개발\KETI\안승수\스키과제\안승수\SMA프로젝트\소스코드\SMA\x64\Debug\SMA.exe" /INCREMENTAL /NOLOGO kinect20.lib opencv_core245.lib opencv_highgui245.lib opencv_imgproc245.lib kernel32.lib user32.lib gdi32.lib winspool.lib comdlg32.lib advapi32.lib shell32.lib ole32.lib oleaut32.lib uuid.lib odbc32.lib odbccp32.lib /MANIFEST /MANIFESTUAC:"level='asInvoker' uiAccess='false'" /manifest:embed /DEBUG /PDB:"E:\Dropbox\개발\KETI\안승수\스키과제\안승수\SMA프로젝트\소스코드\SMA\x64\Debug\SMA.pdb" /SUBSYSTEM:CONSOLE /TLBID:1 /DYNAMICBASE /NXCOMPAT /IMPLIB:"E:\Dropbox\개발\KETI\안승수\스키과제\안승수\SMA프로젝트\소스코드\SMA\x64\Debug\SMA.lib" /MACHINE:X64 x64\Debug\SMA_v1.0.obj
         x64\Debug\stdafx.obj
     1>SMA_v1.0.obj : error LNK2019: __imp_sndPlaySoundW 외부 기호(참조 위치: "void __cdecl processFrame(void)" (?processFrame@@YAXXZ) 함수)에서 확인하지 못했습니다.
     1>E:\Dropbox\개발\KETI\안승수\스키과제\안승수\SMA프로젝트\소스코드\SMA\x64\Debug\SMA.exe : fatal error LNK1120: 1개의 확인할 수 없는 외부 참조입니다.
     1>"E:\Dropbox\개발\KETI\안승수\스키과제\안승수\SMA프로젝트\소스코드\SMA\SMA\SMA.vcxproj" 프로젝트를 빌드했습니다(Build 대상). - 실패

빌드하지 못했습니다.

경과 시간: 00:00:01.03
