빌드 시작: 2015-02-04 오후 5:18:12
     1>2 노드의 "E:\Dropbox\개발\KETI\안승수\스키과제\안승수\SMA프로젝트\소스코드\SMA\SMA\SMA.vcxproj" 프로젝트(Build 대상)입니다.
     1>ClCompile:
         C:\Program Files (x86)\Microsoft Visual Studio 11.0\VC\bin\CL.exe /c /Zi /nologo /W3 /WX- /sdl- /O2 /Oi /Oy- /GL /D WIN32 /D NDEBUG /D _CONSOLE /D _UNICODE /D UNICODE /Gm- /EHsc /MD /GS /Gy /fp:precise /Zc:wchar_t /Zc:forScope /Yc"stdafx.h" /Fp"Release\SMA.pch" /Fo"Release\\" /Fd"Release\vc110.pdb" /Gd /TP /analyze- /errorReport:prompt stdafx.cpp
         stdafx.cpp
     1>c:\opencv245\build\include\opencv2\flann\dist.h : warning C4819: 현재 코드 페이지(949)에서 표시할 수 없는 문자가 파일에 들어 있습니다. 데이터가 손실되지 않게 하려면 해당 파일을 유니코드 형식으로 저장하십시오.
     1>c:\opencv245\build\include\opencv2\flann\logger.h(66): warning C4996: 'fopen': This function or variable may be unsafe. Consider using fopen_s instead. To disable deprecation, use _CRT_SECURE_NO_WARNINGS. See online help for details.
                 C:\Program Files (x86)\Microsoft Visual Studio 11.0\VC\include\stdio.h(218) : 'fopen' 선언을 참조하십시오.
     1>C:\opencv245\build\include\opencv2/legacy/blobtrack.hpp(187): warning C4996: 'strcpy': This function or variable may be unsafe. Consider using strcpy_s instead. To disable deprecation, use _CRT_SECURE_NO_WARNINGS. See online help for details.
                 C:\Program Files (x86)\Microsoft Visual Studio 11.0\VC\include\string.h(110) : 'strcpy' 선언을 참조하십시오.
     1>C:\opencv245\build\include\opencv2/legacy/blobtrack.hpp(256): warning C4996: 'strcat': This function or variable may be unsafe. Consider using strcat_s instead. To disable deprecation, use _CRT_SECURE_NO_WARNINGS. See online help for details.
                 C:\Program Files (x86)\Microsoft Visual Studio 11.0\VC\include\string.h(115) : 'strcat' 선언을 참조하십시오.
         C:\Program Files (x86)\Microsoft Visual Studio 11.0\VC\bin\CL.exe /c /Zi /nologo /W3 /WX- /sdl- /O2 /Oi /Oy- /GL /D WIN32 /D NDEBUG /D _CONSOLE /D _UNICODE /D UNICODE /Gm- /EHsc /MD /GS /Gy /fp:precise /Zc:wchar_t /Zc:forScope /Yu"stdafx.h" /Fp"Release\SMA.pch" /Fo"Release\\" /Fd"Release\vc110.pdb" /Gd /TP /analyze- /errorReport:prompt SMA.cpp
         SMA.cpp
     1>SMA.cpp(187): warning C4996: 'sprintf': This function or variable may be unsafe. Consider using sprintf_s instead. To disable deprecation, use _CRT_SECURE_NO_WARNINGS. See online help for details.
                 C:\Program Files (x86)\Microsoft Visual Studio 11.0\VC\include\stdio.h(357) : 'sprintf' 선언을 참조하십시오.
     1>SMA.cpp(552): warning C4244: '초기화 중' : 'double'에서 'float'(으)로 변환하면서 데이터가 손실될 수 있습니다.
     1>SMA.cpp(607): warning C4996: 'sprintf': This function or variable may be unsafe. Consider using sprintf_s instead. To disable deprecation, use _CRT_SECURE_NO_WARNINGS. See online help for details.
                 C:\Program Files (x86)\Microsoft Visual Studio 11.0\VC\include\stdio.h(357) : 'sprintf' 선언을 참조하십시오.
     1>SMA.cpp(608): warning C4996: 'sprintf': This function or variable may be unsafe. Consider using sprintf_s instead. To disable deprecation, use _CRT_SECURE_NO_WARNINGS. See online help for details.
                 C:\Program Files (x86)\Microsoft Visual Studio 11.0\VC\include\stdio.h(357) : 'sprintf' 선언을 참조하십시오.
     1>SMA.cpp(609): warning C4996: 'sprintf': This function or variable may be unsafe. Consider using sprintf_s instead. To disable deprecation, use _CRT_SECURE_NO_WARNINGS. See online help for details.
                 C:\Program Files (x86)\Microsoft Visual Studio 11.0\VC\include\stdio.h(357) : 'sprintf' 선언을 참조하십시오.
     1>SMA.cpp(611): warning C4996: 'sprintf': This function or variable may be unsafe. Consider using sprintf_s instead. To disable deprecation, use _CRT_SECURE_NO_WARNINGS. See online help for details.
                 C:\Program Files (x86)\Microsoft Visual Studio 11.0\VC\include\stdio.h(357) : 'sprintf' 선언을 참조하십시오.
     1>SMA.cpp(612): warning C4996: 'sprintf': This function or variable may be unsafe. Consider using sprintf_s instead. To disable deprecation, use _CRT_SECURE_NO_WARNINGS. See online help for details.
                 C:\Program Files (x86)\Microsoft Visual Studio 11.0\VC\include\stdio.h(357) : 'sprintf' 선언을 참조하십시오.
     1>SMA.cpp(614): warning C4996: 'sprintf': This function or variable may be unsafe. Consider using sprintf_s instead. To disable deprecation, use _CRT_SECURE_NO_WARNINGS. See online help for details.
                 C:\Program Files (x86)\Microsoft Visual Studio 11.0\VC\include\stdio.h(357) : 'sprintf' 선언을 참조하십시오.
     1>SMA.cpp(615): warning C4996: 'sprintf': This function or variable may be unsafe. Consider using sprintf_s instead. To disable deprecation, use _CRT_SECURE_NO_WARNINGS. See online help for details.
                 C:\Program Files (x86)\Microsoft Visual Studio 11.0\VC\include\stdio.h(357) : 'sprintf' 선언을 참조하십시오.
     1>SMA.cpp(617): warning C4996: 'sprintf': This function or variable may be unsafe. Consider using sprintf_s instead. To disable deprecation, use _CRT_SECURE_NO_WARNINGS. See online help for details.
                 C:\Program Files (x86)\Microsoft Visual Studio 11.0\VC\include\stdio.h(357) : 'sprintf' 선언을 참조하십시오.
     1>SMA.cpp(618): warning C4996: 'sprintf': This function or variable may be unsafe. Consider using sprintf_s instead. To disable deprecation, use _CRT_SECURE_NO_WARNINGS. See online help for details.
                 C:\Program Files (x86)\Microsoft Visual Studio 11.0\VC\include\stdio.h(357) : 'sprintf' 선언을 참조하십시오.
     1>SMA.cpp(620): warning C4996: 'sprintf': This function or variable may be unsafe. Consider using sprintf_s instead. To disable deprecation, use _CRT_SECURE_NO_WARNINGS. See online help for details.
                 C:\Program Files (x86)\Microsoft Visual Studio 11.0\VC\include\stdio.h(357) : 'sprintf' 선언을 참조하십시오.
     1>SMA.cpp(621): warning C4996: 'sprintf': This function or variable may be unsafe. Consider using sprintf_s instead. To disable deprecation, use _CRT_SECURE_NO_WARNINGS. See online help for details.
                 C:\Program Files (x86)\Microsoft Visual Studio 11.0\VC\include\stdio.h(357) : 'sprintf' 선언을 참조하십시오.
     1>SMA.cpp(628): warning C4996: 'sprintf': This function or variable may be unsafe. Consider using sprintf_s instead. To disable deprecation, use _CRT_SECURE_NO_WARNINGS. See online help for details.
                 C:\Program Files (x86)\Microsoft Visual Studio 11.0\VC\include\stdio.h(357) : 'sprintf' 선언을 참조하십시오.
     1>SMA.cpp(631): warning C4996: 'sprintf': This function or variable may be unsafe. Consider using sprintf_s instead. To disable deprecation, use _CRT_SECURE_NO_WARNINGS. See online help for details.
                 C:\Program Files (x86)\Microsoft Visual Studio 11.0\VC\include\stdio.h(357) : 'sprintf' 선언을 참조하십시오.
     1>SMA.cpp(648): warning C4996: 'sprintf': This function or variable may be unsafe. Consider using sprintf_s instead. To disable deprecation, use _CRT_SECURE_NO_WARNINGS. See online help for details.
                 C:\Program Files (x86)\Microsoft Visual Studio 11.0\VC\include\stdio.h(357) : 'sprintf' 선언을 참조하십시오.
     1>SMA.cpp(660): warning C4996: 'sprintf': This function or variable may be unsafe. Consider using sprintf_s instead. To disable deprecation, use _CRT_SECURE_NO_WARNINGS. See online help for details.
                 C:\Program Files (x86)\Microsoft Visual Studio 11.0\VC\include\stdio.h(357) : 'sprintf' 선언을 참조하십시오.
     1>SMA.cpp(731): warning C4996: 'sprintf': This function or variable may be unsafe. Consider using sprintf_s instead. To disable deprecation, use _CRT_SECURE_NO_WARNINGS. See online help for details.
                 C:\Program Files (x86)\Microsoft Visual Studio 11.0\VC\include\stdio.h(357) : 'sprintf' 선언을 참조하십시오.
     1>SMA.cpp(738): warning C4996: 'sprintf': This function or variable may be unsafe. Consider using sprintf_s instead. To disable deprecation, use _CRT_SECURE_NO_WARNINGS. See online help for details.
                 C:\Program Files (x86)\Microsoft Visual Studio 11.0\VC\include\stdio.h(357) : 'sprintf' 선언을 참조하십시오.
     1>SMA.cpp(873): warning C4244: 'return' : 'double'에서 'int'(으)로 변환하면서 데이터가 손실될 수 있습니다.
       Link:
         C:\Program Files (x86)\Microsoft Visual Studio 11.0\VC\bin\link.exe /ERRORREPORT:PROMPT /OUT:"E:\Dropbox\개발\KETI\안승수\스키과제\안승수\SMA프로젝트\소스코드\SMA\Release\SMA.exe" /INCREMENTAL:NO /NOLOGO kinect20.lib opencv_core245.lib opencv_highgui245.lib opencv_imgproc245.lib kernel32.lib user32.lib gdi32.lib winspool.lib comdlg32.lib advapi32.lib shell32.lib ole32.lib oleaut32.lib uuid.lib odbc32.lib odbccp32.lib /MANIFEST /MANIFESTUAC:"level='asInvoker' uiAccess='false'" /manifest:embed /DEBUG /PDB:"E:\Dropbox\개발\KETI\안승수\스키과제\안승수\SMA프로젝트\소스코드\SMA\Release\SMA.pdb" /SUBSYSTEM:CONSOLE /OPT:REF /OPT:ICF /LTCG /TLBID:1 /DYNAMICBASE /NXCOMPAT /IMPLIB:"E:\Dropbox\개발\KETI\안승수\스키과제\안승수\SMA프로젝트\소스코드\SMA\Release\SMA.lib" /MACHINE:X86 /SAFESEH Release\SMA.obj
         Release\stdafx.obj
     1>SMA.obj : error LNK2001: __imp__GetTickCount@0 외부 기호를 확인할 수 없습니다.
     1>SMA.obj : error LNK2001: _cvWaitKey 외부 기호를 확인할 수 없습니다.
     1>SMA.obj : error LNK2001: _cvCreateImage 외부 기호를 확인할 수 없습니다.
     1>SMA.obj : error LNK2001: _cvCreateMemStorage 외부 기호를 확인할 수 없습니다.
     1>SMA.obj : error LNK2001: _cvNamedWindow 외부 기호를 확인할 수 없습니다.
     1>SMA.obj : error LNK2001: _cvResizeWindow 외부 기호를 확인할 수 없습니다.
     1>SMA.obj : error LNK2001: _cvCreateTrackbar 외부 기호를 확인할 수 없습니다.
     1>SMA.obj : error LNK2001: __imp__GetCurrentDirectoryW@8 외부 기호를 확인할 수 없습니다.
     1>SMA.obj : error LNK2001: __imp__GetPrivateProfileIntW@16 외부 기호를 확인할 수 없습니다.
     1>SMA.obj : error LNK2001: _cvCreateImageHeader 외부 기호를 확인할 수 없습니다.
     1>SMA.obj : error LNK2001: _cvCopy 외부 기호를 확인할 수 없습니다.
     1>SMA.obj : error LNK2001: _cvReleaseImageHeader 외부 기호를 확인할 수 없습니다.
     1>SMA.obj : error LNK2001: _cvResize 외부 기호를 확인할 수 없습니다.
     1>SMA.obj : error LNK2001: _cvThreshold 외부 기호를 확인할 수 없습니다.
     1>SMA.obj : error LNK2001: _cvFindContours 외부 기호를 확인할 수 없습니다.
     1>SMA.obj : error LNK2001: _cvContourArea 외부 기호를 확인할 수 없습니다.
     1>SMA.obj : error LNK2001: _cvSetZero 외부 기호를 확인할 수 없습니다.
     1>SMA.obj : error LNK2001: _cvDrawContours 외부 기호를 확인할 수 없습니다.
     1>SMA.obj : error LNK2001: _cvClearMemStorage 외부 기호를 확인할 수 없습니다.
     1>SMA.obj : error LNK2001: _cvMerge 외부 기호를 확인할 수 없습니다.
     1>SMA.obj : error LNK2001: _cvPutText 외부 기호를 확인할 수 없습니다.
     1>SMA.obj : error LNK2001: _cvInitFont 외부 기호를 확인할 수 없습니다.
     1>SMA.obj : error LNK2001: _cvRectangle 외부 기호를 확인할 수 없습니다.
     1>SMA.obj : error LNK2001: _cvCircle 외부 기호를 확인할 수 없습니다.
     1>SMA.obj : error LNK2001: _cvShowImage 외부 기호를 확인할 수 없습니다.
     1>SMA.obj : error LNK2001: _cvReleaseImage 외부 기호를 확인할 수 없습니다.
     1>SMA.obj : error LNK2001: _cvDestroyAllWindows 외부 기호를 확인할 수 없습니다.
     1>SMA.obj : error LNK2001: _cvReleaseMemStorage 외부 기호를 확인할 수 없습니다.
     1>SMA.obj : error LNK2001: _GetDefaultKinectSensor@4 외부 기호를 확인할 수 없습니다.
     1>MSVCRT.lib(atonexit.obj) : error LNK2001: __imp__EncodePointer@4 외부 기호를 확인할 수 없습니다.
     1>MSVCRT.lib(wcrtexe.obj) : error LNK2001: __imp__EncodePointer@4 외부 기호를 확인할 수 없습니다.
     1>MSVCRT.lib(atonexit.obj) : error LNK2001: __imp__DecodePointer@4 외부 기호를 확인할 수 없습니다.
     1>MSVCRT.lib(gs_report.obj) : error LNK2001: __imp__IsDebuggerPresent@0 외부 기호를 확인할 수 없습니다.
     1>MSVCRT.lib(gs_report.obj) : error LNK2001: _IsProcessorFeaturePresent@4 외부 기호를 확인할 수 없습니다.
     1>MSVCRT.lib(gs_support.obj) : error LNK2001: __imp__QueryPerformanceCounter@4 외부 기호를 확인할 수 없습니다.
     1>MSVCRT.lib(gs_support.obj) : error LNK2001: __imp__GetCurrentThreadId@0 외부 기호를 확인할 수 없습니다.
     1>MSVCRT.lib(gs_support.obj) : error LNK2001: __imp__GetSystemTimeAsFileTime@4 외부 기호를 확인할 수 없습니다.
     1>MSVCRT.lib(gs_support.obj) : error LNK2001: __imp__GetTickCount64@0 외부 기호를 확인할 수 없습니다.
     1>E:\Dropbox\개발\KETI\안승수\스키과제\안승수\SMA프로젝트\소스코드\SMA\Release\SMA.exe : fatal error LNK1120: 37개의 확인할 수 없는 외부 참조입니다.
     1>"E:\Dropbox\개발\KETI\안승수\스키과제\안승수\SMA프로젝트\소스코드\SMA\SMA\SMA.vcxproj" 프로젝트를 빌드했습니다(Build 대상). - 실패

빌드하지 못했습니다.

경과 시간: 00:00:03.17
